<?xml version="1.0" encoding="UTF-8"?>
<!-- Generated by org.testng.reporters.JUnitReportReporter -->
<testsuite hostname="Echayante_Pennu" failures="0" tests="1" name="com.example.api.ApiTest" time="1.735" errors="0" timestamp="2024-11-30T23:05:47 EST" skipped="0">
  <testcase classname="com.example.api.ApiTest" name="testGetRequest" time="1.735"/>
  <system-out/>
</testsuite> <!-- com.example.api.ApiTest -->
