<?xml version="1.0" encoding="UTF-8"?>
<!-- Generated by org.testng.reporters.JUnitReportReporter -->
<testsuite hostname="Echayante_Pennu" failures="0" tests="8" name="com.example.api.EnhancedApiTest" time="3.532" errors="0" timestamp="2024-11-30T23:05:56 EST" skipped="0">
  <testcase classname="com.example.api.EnhancedApiTest" name="testGetRequest" time="0.144"/>
  <system-out/>
  <testcase classname="com.example.api.EnhancedApiTest" name="testContentType" time="1.716"/>
  <system-out/>
  <testcase classname="com.example.api.EnhancedApiTest" name="testPutRequest" time="0.181"/>
  <system-out/>
  <testcase classname="com.example.api.EnhancedApiTest" name="testJsonStructure" time="0.390"/>
  <system-out/>
  <testcase classname="com.example.api.EnhancedApiTest" name="testPostRequest" time="0.178"/>
  <system-out/>
  <testcase classname="com.example.api.EnhancedApiTest" name="testGetNonExistentResource" time="0.206"/>
  <system-out/>
  <testcase classname="com.example.api.EnhancedApiTest" name="testDeleteRequest" time="0.201"/>
  <system-out/>
  <testcase classname="com.example.api.EnhancedApiTest" name="testResponseTime" time="0.516"/>
  <system-out/>
</testsuite> <!-- com.example.api.EnhancedApiTest -->
