<?xml version="1.0" encoding="UTF-8"?>
<!-- Generated by org.testng.reporters.JUnitReportReporter -->
<testsuite hostname="Echayante_Pennu" failures="0" tests="1" name="com.example.api.ApiTest" time="2.147" errors="0" timestamp="2024-11-29T19:46:54 EST" skipped="0">
  <testcase classname="com.example.api.ApiTest" name="testGetRequest" time="2.147"/>
  <system-out/>
</testsuite> <!-- com.example.api.ApiTest -->
